0 info it worked if it ends with ok
1 verbose cli [ '/usr/bin/node', '/usr/bin/npm', 'i' ]
2 info using npm@3.5.2
3 info using node@v8.10.0
4 silly loadCurrentTree Starting
5 silly install loadCurrentTree
6 silly install readLocalPackageData
7 silly install normalizeTree
8 silly loadCurrentTree Finishing
9 silly loadIdealTree Starting
10 silly install loadIdealTree
11 silly cloneCurrentTree Starting
12 silly install cloneCurrentTreeToIdealTree
13 silly cloneCurrentTree Finishing
14 silly loadShrinkwrap Starting
15 silly install loadShrinkwrap
16 silly loadShrinkwrap Finishing
17 silly loadAllDepsIntoIdealTree Starting
18 silly install loadAllDepsIntoIdealTree
19 silly fetchNamedPackageData @types/node
20 silly mapToRegistry name @types/node
21 silly mapToRegistry scope (from package name) @types
22 verbose mapToRegistry no registry URL found in name for scope @types
23 silly mapToRegistry using default registry
24 silly mapToRegistry registry https://registry.npmjs.org/
25 silly mapToRegistry uri https://registry.npmjs.org/@types%2fnode
26 verbose request uri https://registry.npmjs.org/@types%2fnode
27 verbose request no auth needed
28 info attempt registry request try #1 at 8:13:17 PM
29 verbose request id 3354ffba8da00c28
30 verbose etag W/"04b70b816705752182ff9624d3d9cf8a"
31 verbose lastModified Wed, 22 Apr 2020 02:27:30 GMT
32 http request GET https://registry.npmjs.org/@types%2fnode
33 http 304 https://registry.npmjs.org/@types%2fnode
34 verbose headers { date: 'Thu, 23 Apr 2020 00:13:17 GMT',
34 verbose headers   connection: 'keep-alive',
34 verbose headers   'set-cookie':
34 verbose headers    [ '__cfduid=d4603dfe218d5c361d3e1de1f20fbcf4d1587600797; expires=Sat, 23-May-20 00:13:17 GMT; path=/; domain=.npmjs.org; HttpOnly; SameSite=Lax' ],
34 verbose headers   'cf-ray': '588360badd1e03dc-ORD',
34 verbose headers   age: '3512',
34 verbose headers   'cache-control': 'public, max-age=300',
34 verbose headers   etag: '"04b70b816705752182ff9624d3d9cf8a"',
34 verbose headers   'last-modified': 'Wed, 22 Apr 2020 02:27:30 GMT',
34 verbose headers   vary: 'Accept-Encoding',
34 verbose headers   'cf-cache-status': 'HIT',
34 verbose headers   'expect-ct': 'max-age=604800, report-uri="https://report-uri.cloudflare.com/cdn-cgi/beacon/expect-ct"',
34 verbose headers   server: 'cloudflare',
34 verbose headers   'cf-request-id': '0245fac8cb000003dcd591e200000001' }
35 silly get cb [ 304,
35 silly get   { date: 'Thu, 23 Apr 2020 00:13:17 GMT',
35 silly get     connection: 'keep-alive',
35 silly get     'set-cookie':
35 silly get      [ '__cfduid=d4603dfe218d5c361d3e1de1f20fbcf4d1587600797; expires=Sat, 23-May-20 00:13:17 GMT; path=/; domain=.npmjs.org; HttpOnly; SameSite=Lax' ],
35 silly get     'cf-ray': '588360badd1e03dc-ORD',
35 silly get     age: '3512',
35 silly get     'cache-control': 'public, max-age=300',
35 silly get     etag: '"04b70b816705752182ff9624d3d9cf8a"',
35 silly get     'last-modified': 'Wed, 22 Apr 2020 02:27:30 GMT',
35 silly get     vary: 'Accept-Encoding',
35 silly get     'cf-cache-status': 'HIT',
35 silly get     'expect-ct': 'max-age=604800, report-uri="https://report-uri.cloudflare.com/cdn-cgi/beacon/expect-ct"',
35 silly get     server: 'cloudflare',
35 silly get     'cf-request-id': '0245fac8cb000003dcd591e200000001' } ]
36 verbose etag https://registry.npmjs.org/@types%2fnode from cache
37 verbose get saving @types/node to /home/vince/.npm/registry.npmjs.org/_40types_252fnode/.cache.json
38 silly resolveWithNewModule @types/node@13.13.2 checking installable status
39 silly cache add args [ '@types/node@^13.13.2', null ]
40 verbose cache add spec @types/node@^13.13.2
41 silly cache add parsed spec Result {
41 silly cache add   raw: '@types/node@^13.13.2',
41 silly cache add   scope: '@types',
41 silly cache add   name: '@types/node',
41 silly cache add   rawSpec: '^13.13.2',
41 silly cache add   spec: '>=13.13.2 <14.0.0',
41 silly cache add   type: 'range' }
42 silly addNamed @types/node@>=13.13.2 <14.0.0
43 verbose addNamed ">=13.13.2 <14.0.0" is a valid semver range for @types/node
44 silly addNameRange { name: '@types/node',
44 silly addNameRange   range: '>=13.13.2 <14.0.0',
44 silly addNameRange   hasData: false }
45 silly mapToRegistry name @types/node
46 silly mapToRegistry scope (from package name) @types
47 verbose mapToRegistry no registry URL found in name for scope @types
48 silly mapToRegistry using default registry
49 silly mapToRegistry registry https://registry.npmjs.org/
50 silly mapToRegistry uri https://registry.npmjs.org/@types%2fnode
51 verbose addNameRange registry:https://registry.npmjs.org/@types%2fnode not in flight; fetching
52 verbose get https://registry.npmjs.org/@types%2fnode not expired, no request
53 silly addNameRange number 2 { name: '@types/node',
53 silly addNameRange   range: '>=13.13.2 <14.0.0',
53 silly addNameRange   hasData: true }
54 silly addNameRange versions [ '@types/node',
54 silly addNameRange   [ '4.0.15-alpha',
54 silly addNameRange     '4.0.16-alpha',
54 silly addNameRange     '4.0.21-alpha',
54 silly addNameRange     '4.0.22-alpha',
54 silly addNameRange     '4.0.23-alpha',
54 silly addNameRange     '4.0.24-alpha',
54 silly addNameRange     '4.0.25-alpha',
54 silly addNameRange     '4.0.26-alpha',
54 silly addNameRange     '4.0.27-alpha',
54 silly addNameRange     '4.0.28-alpha',
54 silly addNameRange     '4.0.29',
54 silly addNameRange     '4.0.30',
54 silly addNameRange     '6.0.31',
54 silly addNameRange     '6.0.32',
54 silly addNameRange     '6.0.33',
54 silly addNameRange     '6.0.34',
54 silly addNameRange     '6.0.35',
54 silly addNameRange     '6.0.36',
54 silly addNameRange     '6.0.37',
54 silly addNameRange     '6.0.38',
54 silly addNameRange     '6.0.39',
54 silly addNameRange     '6.0.40',
54 silly addNameRange     '6.0.41',
54 silly addNameRange     '6.0.42',
54 silly addNameRange     '6.0.43',
54 silly addNameRange     '6.0.44',
54 silly addNameRange     '6.0.45',
54 silly addNameRange     '6.0.46',
54 silly addNameRange     '6.0.47',
54 silly addNameRange     '6.0.48',
54 silly addNameRange     '6.0.49',
54 silly addNameRange     '6.0.50',
54 silly addNameRange     '6.0.51',
54 silly addNameRange     '0.0.0',
54 silly addNameRange     '0.0.1',
54 silly addNameRange     '0.0.2',
54 silly addNameRange     '0.0.3',
54 silly addNameRange     '6.0.52',
54 silly addNameRange     '6.0.53',
54 silly addNameRange     '6.0.54',
54 silly addNameRange     '6.0.55',
54 silly addNameRange     '6.0.56',
54 silly addNameRange     '6.0.57',
54 silly addNameRange     '6.0.58',
54 silly addNameRange     '6.0.59',
54 silly addNameRange     '4.2.0',
54 silly addNameRange     '0.12.0',
54 silly addNameRange     '7.0.0',
54 silly addNameRange     '6.0.60',
54 silly addNameRange     '7.0.1',
54 silly addNameRange     '6.0.61',
54 silly addNameRange     '7.0.2',
54 silly addNameRange     '7.0.3',
54 silly addNameRange     '7.0.4',
54 silly addNameRange     '4.2.1',
54 silly addNameRange     '6.0.62',
54 silly addNameRange     '7.0.5',
54 silly addNameRange     '6.0.63',
54 silly addNameRange     '4.2.2',
54 silly addNameRange     '0.12.1',
54 silly addNameRange     '4.2.3',
54 silly addNameRange     '6.0.64',
54 silly addNameRange     '7.0.6',
54 silly addNameRange     '6.0.65',
54 silly addNameRange     '7.0.7',
54 silly addNameRange     '7.0.8',
54 silly addNameRange     '4.2.4',
54 silly addNameRange     '0.12.2',
54 silly addNameRange     '6.0.66',
54 silly addNameRange     '7.0.9',
54 silly addNameRange     '7.0.10',
54 silly addNameRange     '7.0.11',
54 silly addNameRange     '6.0.67',
54 silly addNameRange     '6.0.68',
54 silly addNameRange     '7.0.12',
54 silly addNameRange     '4.2.5',
54 silly addNameRange     '0.12.3',
54 silly addNameRange     '6.0.69',
54 silly addNameRange     '0.12.4',
54 silly addNameRange     '4.2.6',
54 silly addNameRange     '6.0.70',
54 silly addNameRange     '7.0.13',
54 silly addNameRange     '7.0.14',
54 silly addNameRange     '6.0.71',
54 silly addNameRange     '7.0.15',
54 silly addNameRange     '4.2.7',
54 silly addNameRange     '6.0.72',
54 silly addNameRange     '7.0.16',
54 silly addNameRange     '7.0.17',
54 silly addNameRange     '7.0.18',
54 silly addNameRange     '4.2.8',
54 silly addNameRange     '6.0.73',
54 silly addNameRange     '7.0.19',
54 silly addNameRange     '7.0.20',
54 silly addNameRange     '7.0.21',
54 silly addNameRange     '7.0.22',
54 silly addNameRange     '6.0.74',
54 silly addNameRange     '7.0.23',
54 silly addNameRange     '7.0.24',
54 silly addNameRange     '6.0.75',
54 silly addNameRange     ... 682 more items ] ]
55 silly addNamed @types/node@13.13.2
56 verbose addNamed "13.13.2" is a plain semver version for @types/node
57 silly mapToRegistry name @types/node
58 silly mapToRegistry scope (from package name) @types
59 verbose mapToRegistry no registry URL found in name for scope @types
60 silly mapToRegistry using default registry
61 silly mapToRegistry registry https://registry.npmjs.org/
62 silly mapToRegistry uri https://registry.npmjs.org/@types%2fnode
63 verbose addRemoteTarball https://registry.npmjs.org/@types/node/-/node-13.13.2.tgz not in flight; adding
64 verbose addRemoteTarball [ 'https://registry.npmjs.org/@types/node/-/node-13.13.2.tgz',
64 verbose addRemoteTarball   '160d82623610db590a64e8ca81784e11117e5a54' ]
65 info retry fetch attempt 1 at 8:13:17 PM
66 info attempt registry request try #1 at 8:13:17 PM
67 http fetch GET https://registry.npmjs.org/@types/node/-/node-13.13.2.tgz
68 http fetch 200 https://registry.npmjs.org/@types/node/-/node-13.13.2.tgz
69 silly fetchAndShaCheck shasum 160d82623610db590a64e8ca81784e11117e5a54
70 verbose addTmpTarball /tmp/npm-1849-751695a7/registry.npmjs.org/_40types/node/-/node-13.13.2.tgz not in flight; adding
71 verbose addTmpTarball already have metadata; skipping unpack for @types/node@13.13.2
72 silly cache afterAdd @types/node@13.13.2
73 verbose afterAdd /home/vince/.npm/@types/node/13.13.2/package/package.json not in flight; writing
74 verbose afterAdd /home/vince/.npm/@types/node/13.13.2/package/package.json written
75 silly loadAllDepsIntoIdealTree Finishing
76 silly idealTree:prePrune cs505-final@1.0.0
76 silly idealTree:prePrune ├── @types/amqplib@0.5.13
76 silly idealTree:prePrune ├── @types/bluebird@3.5.30
76 silly idealTree:prePrune ├── @types/body-parser@1.19.0
76 silly idealTree:prePrune ├── @types/connect@3.4.33
76 silly idealTree:prePrune ├── @types/express-serve-static-core@4.17.5
76 silly idealTree:prePrune ├── @types/express@4.17.6
76 silly idealTree:prePrune ├── @types/mime@2.0.1
76 silly idealTree:prePrune ├── @types/node@13.13.2
76 silly idealTree:prePrune ├── @types/qs@6.9.1
76 silly idealTree:prePrune ├── @types/range-parser@1.2.3
76 silly idealTree:prePrune ├── @types/serve-static@1.13.3
76 silly idealTree:prePrune ├── accepts@1.3.7
76 silly idealTree:prePrune ├── amqplib@0.5.5
76 silly idealTree:prePrune ├── array-flatten@1.1.1
76 silly idealTree:prePrune ├── bitsyntax@0.1.0
76 silly idealTree:prePrune ├── bluebird@3.7.2
76 silly idealTree:prePrune ├── body-parser@1.19.0
76 silly idealTree:prePrune ├── buffer-more-ints@1.0.0
76 silly idealTree:prePrune ├── bytes@3.1.0
76 silly idealTree:prePrune ├── content-disposition@0.5.3
76 silly idealTree:prePrune ├── content-type@1.0.4
76 silly idealTree:prePrune ├── cookie-signature@1.0.6
76 silly idealTree:prePrune ├── cookie@0.4.0
76 silly idealTree:prePrune ├── core-util-is@1.0.2
76 silly idealTree:prePrune ├── debug@2.6.9
76 silly idealTree:prePrune ├── depd@1.1.2
76 silly idealTree:prePrune ├── destroy@1.0.4
76 silly idealTree:prePrune ├── ee-first@1.1.1
76 silly idealTree:prePrune ├── encodeurl@1.0.2
76 silly idealTree:prePrune ├── escape-html@1.0.3
76 silly idealTree:prePrune ├── etag@1.8.1
76 silly idealTree:prePrune ├── express@4.17.1
76 silly idealTree:prePrune ├── finalhandler@1.1.2
76 silly idealTree:prePrune ├── forwarded@0.1.2
76 silly idealTree:prePrune ├── fresh@0.5.2
76 silly idealTree:prePrune ├── http-errors@1.7.2
76 silly idealTree:prePrune ├── iconv-lite@0.4.24
76 silly idealTree:prePrune ├── inherits@2.0.3
76 silly idealTree:prePrune ├── ipaddr.js@1.9.1
76 silly idealTree:prePrune ├── isarray@0.0.1
76 silly idealTree:prePrune ├── media-typer@0.3.0
76 silly idealTree:prePrune ├── merge-descriptors@1.0.1
76 silly idealTree:prePrune ├── methods@1.1.2
76 silly idealTree:prePrune ├── mime-db@1.43.0
76 silly idealTree:prePrune ├── mime-types@2.1.26
76 silly idealTree:prePrune ├── mime@1.6.0
76 silly idealTree:prePrune ├── ms@2.0.0
76 silly idealTree:prePrune ├── negotiator@0.6.2
76 silly idealTree:prePrune ├── on-finished@2.3.0
76 silly idealTree:prePrune ├── parseurl@1.3.3
76 silly idealTree:prePrune ├── path-to-regexp@0.1.7
76 silly idealTree:prePrune ├── proxy-addr@2.0.6
76 silly idealTree:prePrune ├── qs@6.7.0
76 silly idealTree:prePrune ├── querystringify@2.1.1
76 silly idealTree:prePrune ├── range-parser@1.2.1
76 silly idealTree:prePrune ├── raw-body@2.4.0
76 silly idealTree:prePrune ├── readable-stream@1.1.14
76 silly idealTree:prePrune ├── requires-port@1.0.0
76 silly idealTree:prePrune ├── safe-buffer@5.1.2
76 silly idealTree:prePrune ├── safer-buffer@2.1.2
76 silly idealTree:prePrune ├─┬ send@0.17.1
76 silly idealTree:prePrune │ └── ms@2.1.1
76 silly idealTree:prePrune ├── serve-static@1.14.1
76 silly idealTree:prePrune ├── setprototypeof@1.1.1
76 silly idealTree:prePrune ├── statuses@1.5.0
76 silly idealTree:prePrune ├── string_decoder@0.10.31
76 silly idealTree:prePrune ├── toidentifier@1.0.0
76 silly idealTree:prePrune ├── type-is@1.6.18
76 silly idealTree:prePrune ├── unpipe@1.0.0
76 silly idealTree:prePrune ├── url-parse@1.4.7
76 silly idealTree:prePrune ├── utils-merge@1.0.1
76 silly idealTree:prePrune └── vary@1.1.2
77 silly loadIdealTree Finishing
78 silly currentTree cs505-final@1.0.0
78 silly currentTree ├── @types/amqplib@0.5.13
78 silly currentTree ├── @types/bluebird@3.5.30
78 silly currentTree ├── @types/body-parser@1.19.0
78 silly currentTree ├── @types/connect@3.4.33
78 silly currentTree ├── @types/express-serve-static-core@4.17.5
78 silly currentTree ├── @types/express@4.17.6
78 silly currentTree ├── @types/mime@2.0.1
78 silly currentTree ├── @types/qs@6.9.1
78 silly currentTree ├── @types/range-parser@1.2.3
78 silly currentTree ├── @types/serve-static@1.13.3
78 silly currentTree ├── accepts@1.3.7
78 silly currentTree ├── amqplib@0.5.5
78 silly currentTree ├── array-flatten@1.1.1
78 silly currentTree ├── bitsyntax@0.1.0
78 silly currentTree ├── bluebird@3.7.2
78 silly currentTree ├── body-parser@1.19.0
78 silly currentTree ├── buffer-more-ints@1.0.0
78 silly currentTree ├── bytes@3.1.0
78 silly currentTree ├── content-disposition@0.5.3
78 silly currentTree ├── content-type@1.0.4
78 silly currentTree ├── cookie-signature@1.0.6
78 silly currentTree ├── cookie@0.4.0
78 silly currentTree ├── core-util-is@1.0.2
78 silly currentTree ├── debug@2.6.9
78 silly currentTree ├── depd@1.1.2
78 silly currentTree ├── destroy@1.0.4
78 silly currentTree ├── ee-first@1.1.1
78 silly currentTree ├── encodeurl@1.0.2
78 silly currentTree ├── escape-html@1.0.3
78 silly currentTree ├── etag@1.8.1
78 silly currentTree ├── express@4.17.1
78 silly currentTree ├── finalhandler@1.1.2
78 silly currentTree ├── forwarded@0.1.2
78 silly currentTree ├── fresh@0.5.2
78 silly currentTree ├── http-errors@1.7.2
78 silly currentTree ├── iconv-lite@0.4.24
78 silly currentTree ├── inherits@2.0.3
78 silly currentTree ├── ipaddr.js@1.9.1
78 silly currentTree ├── isarray@0.0.1
78 silly currentTree ├── media-typer@0.3.0
78 silly currentTree ├── merge-descriptors@1.0.1
78 silly currentTree ├── methods@1.1.2
78 silly currentTree ├── mime-db@1.43.0
78 silly currentTree ├── mime-types@2.1.26
78 silly currentTree ├── mime@1.6.0
78 silly currentTree ├── ms@2.0.0
78 silly currentTree ├── negotiator@0.6.2
78 silly currentTree ├── on-finished@2.3.0
78 silly currentTree ├── parseurl@1.3.3
78 silly currentTree ├── path-to-regexp@0.1.7
78 silly currentTree ├── proxy-addr@2.0.6
78 silly currentTree ├── qs@6.7.0
78 silly currentTree ├── querystringify@2.1.1
78 silly currentTree ├── range-parser@1.2.1
78 silly currentTree ├── raw-body@2.4.0
78 silly currentTree ├── readable-stream@1.1.14
78 silly currentTree ├── requires-port@1.0.0
78 silly currentTree ├── safe-buffer@5.1.2
78 silly currentTree ├── safer-buffer@2.1.2
78 silly currentTree ├─┬ send@0.17.1
78 silly currentTree │ └── ms@2.1.1
78 silly currentTree ├── serve-static@1.14.1
78 silly currentTree ├── setprototypeof@1.1.1
78 silly currentTree ├── statuses@1.5.0
78 silly currentTree ├── string_decoder@0.10.31
78 silly currentTree ├── toidentifier@1.0.0
78 silly currentTree ├── type-is@1.6.18
78 silly currentTree ├── unpipe@1.0.0
78 silly currentTree ├── url-parse@1.4.7
78 silly currentTree ├── utils-merge@1.0.1
78 silly currentTree └── vary@1.1.2
79 silly idealTree cs505-final@1.0.0
79 silly idealTree ├── @types/amqplib@0.5.13
79 silly idealTree ├── @types/bluebird@3.5.30
79 silly idealTree ├── @types/body-parser@1.19.0
79 silly idealTree ├── @types/connect@3.4.33
79 silly idealTree ├── @types/express-serve-static-core@4.17.5
79 silly idealTree ├── @types/express@4.17.6
79 silly idealTree ├── @types/mime@2.0.1
79 silly idealTree ├── @types/node@13.13.2
79 silly idealTree ├── @types/qs@6.9.1
79 silly idealTree ├── @types/range-parser@1.2.3
79 silly idealTree ├── @types/serve-static@1.13.3
79 silly idealTree ├── accepts@1.3.7
79 silly idealTree ├── amqplib@0.5.5
79 silly idealTree ├── array-flatten@1.1.1
79 silly idealTree ├── bitsyntax@0.1.0
79 silly idealTree ├── bluebird@3.7.2
79 silly idealTree ├── body-parser@1.19.0
79 silly idealTree ├── buffer-more-ints@1.0.0
79 silly idealTree ├── bytes@3.1.0
79 silly idealTree ├── content-disposition@0.5.3
79 silly idealTree ├── content-type@1.0.4
79 silly idealTree ├── cookie-signature@1.0.6
79 silly idealTree ├── cookie@0.4.0
79 silly idealTree ├── core-util-is@1.0.2
79 silly idealTree ├── debug@2.6.9
79 silly idealTree ├── depd@1.1.2
79 silly idealTree ├── destroy@1.0.4
79 silly idealTree ├── ee-first@1.1.1
79 silly idealTree ├── encodeurl@1.0.2
79 silly idealTree ├── escape-html@1.0.3
79 silly idealTree ├── etag@1.8.1
79 silly idealTree ├── express@4.17.1
79 silly idealTree ├── finalhandler@1.1.2
79 silly idealTree ├── forwarded@0.1.2
79 silly idealTree ├── fresh@0.5.2
79 silly idealTree ├── http-errors@1.7.2
79 silly idealTree ├── iconv-lite@0.4.24
79 silly idealTree ├── inherits@2.0.3
79 silly idealTree ├── ipaddr.js@1.9.1
79 silly idealTree ├── isarray@0.0.1
79 silly idealTree ├── media-typer@0.3.0
79 silly idealTree ├── merge-descriptors@1.0.1
79 silly idealTree ├── methods@1.1.2
79 silly idealTree ├── mime-db@1.43.0
79 silly idealTree ├── mime-types@2.1.26
79 silly idealTree ├── mime@1.6.0
79 silly idealTree ├── ms@2.0.0
79 silly idealTree ├── negotiator@0.6.2
79 silly idealTree ├── on-finished@2.3.0
79 silly idealTree ├── parseurl@1.3.3
79 silly idealTree ├── path-to-regexp@0.1.7
79 silly idealTree ├── proxy-addr@2.0.6
79 silly idealTree ├── qs@6.7.0
79 silly idealTree ├── querystringify@2.1.1
79 silly idealTree ├── range-parser@1.2.1
79 silly idealTree ├── raw-body@2.4.0
79 silly idealTree ├── readable-stream@1.1.14
79 silly idealTree ├── requires-port@1.0.0
79 silly idealTree ├── safe-buffer@5.1.2
79 silly idealTree ├── safer-buffer@2.1.2
79 silly idealTree ├─┬ send@0.17.1
79 silly idealTree │ └── ms@2.1.1
79 silly idealTree ├── serve-static@1.14.1
79 silly idealTree ├── setprototypeof@1.1.1
79 silly idealTree ├── statuses@1.5.0
79 silly idealTree ├── string_decoder@0.10.31
79 silly idealTree ├── toidentifier@1.0.0
79 silly idealTree ├── type-is@1.6.18
79 silly idealTree ├── unpipe@1.0.0
79 silly idealTree ├── url-parse@1.4.7
79 silly idealTree ├── utils-merge@1.0.1
79 silly idealTree └── vary@1.1.2
80 silly generateActionsToTake Starting
81 silly install generateActionsToTake
82 silly generateActionsToTake Finishing
83 silly diffTrees action count 5
84 silly diffTrees add @types/node@13.13.2
85 silly diffTrees update @types/amqplib@0.5.13
86 silly diffTrees update @types/express@4.17.6
87 silly diffTrees update amqplib@0.5.5
88 silly diffTrees update express@4.17.1
89 silly decomposeActions action count 40
90 silly decomposeActions fetch @types/node@13.13.2
91 silly decomposeActions extract @types/node@13.13.2
92 silly decomposeActions test @types/node@13.13.2
93 silly decomposeActions preinstall @types/node@13.13.2
94 silly decomposeActions build @types/node@13.13.2
95 silly decomposeActions install @types/node@13.13.2
96 silly decomposeActions postinstall @types/node@13.13.2
97 silly decomposeActions finalize @types/node@13.13.2
98 silly decomposeActions fetch @types/amqplib@0.5.13
99 silly decomposeActions extract @types/amqplib@0.5.13
100 silly decomposeActions test @types/amqplib@0.5.13
101 silly decomposeActions preinstall @types/amqplib@0.5.13
102 silly decomposeActions build @types/amqplib@0.5.13
103 silly decomposeActions install @types/amqplib@0.5.13
104 silly decomposeActions postinstall @types/amqplib@0.5.13
105 silly decomposeActions finalize @types/amqplib@0.5.13
106 silly decomposeActions fetch @types/express@4.17.6
107 silly decomposeActions extract @types/express@4.17.6
108 silly decomposeActions test @types/express@4.17.6
109 silly decomposeActions preinstall @types/express@4.17.6
110 silly decomposeActions build @types/express@4.17.6
111 silly decomposeActions install @types/express@4.17.6
112 silly decomposeActions postinstall @types/express@4.17.6
113 silly decomposeActions finalize @types/express@4.17.6
114 silly decomposeActions fetch amqplib@0.5.5
115 silly decomposeActions extract amqplib@0.5.5
116 silly decomposeActions test amqplib@0.5.5
117 silly decomposeActions preinstall amqplib@0.5.5
118 silly decomposeActions build amqplib@0.5.5
119 silly decomposeActions install amqplib@0.5.5
120 silly decomposeActions postinstall amqplib@0.5.5
121 silly decomposeActions finalize amqplib@0.5.5
122 silly decomposeActions fetch express@4.17.1
123 silly decomposeActions extract express@4.17.1
124 silly decomposeActions test express@4.17.1
125 silly decomposeActions preinstall express@4.17.1
126 silly decomposeActions build express@4.17.1
127 silly decomposeActions install express@4.17.1
128 silly decomposeActions postinstall express@4.17.1
129 silly decomposeActions finalize express@4.17.1
130 silly executeActions Starting
131 silly install executeActions
132 silly doSerial global-install 0
133 silly doParallel fetch 5
134 verbose lock using /home/vince/.npm/_locks/staging-65f7bad662b80657.lock for /mnt/c/Users/rotfl/OneDrive/Desktop/College/CS505/Final/Node/node_modules/.staging
135 silly doParallel extract 5
136 silly extract @types/node@13.13.2
137 silly extract @types/amqplib@0.5.13
138 silly extract @types/express@4.17.6
139 silly extract amqplib@0.5.5
140 silly extract express@4.17.1
141 silly addNamed @types/amqplib@0.5.13
142 verbose addNamed "0.5.13" is a plain semver version for @types/amqplib
143 silly mapToRegistry name @types/amqplib
144 silly mapToRegistry scope (from package name) @types
145 verbose mapToRegistry no registry URL found in name for scope @types
146 silly mapToRegistry using default registry
147 silly mapToRegistry registry https://registry.npmjs.org/
148 silly mapToRegistry uri https://registry.npmjs.org/@types%2famqplib
149 verbose addNameVersion registry:https://registry.npmjs.org/@types%2famqplib not in flight; fetching
150 silly addNamed @types/express@4.17.6
151 verbose addNamed "4.17.6" is a plain semver version for @types/express
152 silly mapToRegistry name @types/express
153 silly mapToRegistry scope (from package name) @types
154 verbose mapToRegistry no registry URL found in name for scope @types
155 silly mapToRegistry using default registry
156 silly mapToRegistry registry https://registry.npmjs.org/
157 silly mapToRegistry uri https://registry.npmjs.org/@types%2fexpress
158 verbose addNameVersion registry:https://registry.npmjs.org/@types%2fexpress not in flight; fetching
159 silly addNamed amqplib@0.5.5
160 verbose addNamed "0.5.5" is a plain semver version for amqplib
161 silly mapToRegistry name amqplib
162 silly mapToRegistry using default registry
163 silly mapToRegistry registry https://registry.npmjs.org/
164 silly mapToRegistry uri https://registry.npmjs.org/amqplib
165 verbose addNameVersion registry:https://registry.npmjs.org/amqplib not in flight; fetching
166 verbose unbuild node_modules/.staging/@types/node-b6a88c8f
167 verbose unbuild node_modules/.staging/express-fd7b0fbd
168 verbose request uri https://registry.npmjs.org/@types%2famqplib
169 verbose request no auth needed
170 info attempt registry request try #1 at 8:13:17 PM
171 verbose etag W/"38cb2c4efe8ac3b14827f344d1edca0e"
172 verbose lastModified Thu, 27 Feb 2020 18:04:46 GMT
173 http request GET https://registry.npmjs.org/@types%2famqplib
174 silly gentlyRm /mnt/c/Users/rotfl/OneDrive/Desktop/College/CS505/Final/Node/node_modules/.staging/@types/node-b6a88c8f is being purged from base /mnt/c/Users/rotfl/OneDrive/Desktop/College/CS505/Final/Node
175 verbose gentlyRm don't care about contents; nuking /mnt/c/Users/rotfl/OneDrive/Desktop/College/CS505/Final/Node/node_modules/.staging/@types/node-b6a88c8f
176 silly gentlyRm /mnt/c/Users/rotfl/OneDrive/Desktop/College/CS505/Final/Node/node_modules/.staging/express-fd7b0fbd is being purged from base /mnt/c/Users/rotfl/OneDrive/Desktop/College/CS505/Final/Node
177 verbose gentlyRm don't care about contents; nuking /mnt/c/Users/rotfl/OneDrive/Desktop/College/CS505/Final/Node/node_modules/.staging/express-fd7b0fbd
178 verbose request uri https://registry.npmjs.org/@types%2fexpress
179 verbose request no auth needed
180 info attempt registry request try #1 at 8:13:17 PM
181 verbose etag W/"ea4509a252b205e09a3bb536917c3668"
182 verbose lastModified Thu, 09 Apr 2020 20:56:29 GMT
183 http request GET https://registry.npmjs.org/@types%2fexpress
184 verbose request uri https://registry.npmjs.org/amqplib
185 verbose request no auth needed
186 info attempt registry request try #1 at 8:13:17 PM
187 verbose etag W/"c7183a95dfd6bdb511ba2c971e42b141"
188 verbose lastModified Wed, 31 Jul 2019 07:31:46 GMT
189 http request GET https://registry.npmjs.org/amqplib
190 verbose tar unpack /home/vince/.npm/@types/node/13.13.2/package.tgz
191 verbose tar unpacking to /mnt/c/Users/rotfl/OneDrive/Desktop/College/CS505/Final/Node/node_modules/.staging/@types/node-b6a88c8f
192 silly gentlyRm /mnt/c/Users/rotfl/OneDrive/Desktop/College/CS505/Final/Node/node_modules/.staging/@types/node-b6a88c8f is being purged
193 verbose gentlyRm don't care about contents; nuking /mnt/c/Users/rotfl/OneDrive/Desktop/College/CS505/Final/Node/node_modules/.staging/@types/node-b6a88c8f
194 verbose tar unpack /home/vince/.npm/express/4.17.1/package.tgz
195 verbose tar unpacking to /mnt/c/Users/rotfl/OneDrive/Desktop/College/CS505/Final/Node/node_modules/.staging/express-fd7b0fbd
196 silly gentlyRm /mnt/c/Users/rotfl/OneDrive/Desktop/College/CS505/Final/Node/node_modules/.staging/express-fd7b0fbd is being purged
197 verbose gentlyRm don't care about contents; nuking /mnt/c/Users/rotfl/OneDrive/Desktop/College/CS505/Final/Node/node_modules/.staging/express-fd7b0fbd
198 silly gunzTarPerm modes [ '755', '644' ]
199 silly gunzTarPerm modes [ '755', '644' ]
200 silly gunzTarPerm extractEntry LICENSE
201 silly gunzTarPerm modified mode [ 'LICENSE', 438, 420 ]
202 silly gunzTarPerm extractEntry package.json
203 silly gunzTarPerm extractEntry README.md
204 silly gunzTarPerm modified mode [ 'README.md', 438, 420 ]
205 silly gunzTarPerm extractEntry assert.d.ts
206 silly gunzTarPerm modified mode [ 'assert.d.ts', 438, 420 ]
207 silly gunzTarPerm extractEntry History.md
208 silly gunzTarPerm extractEntry index.js
209 silly gunzTarPerm extractEntry LICENSE
210 silly gunzTarPerm extractEntry Readme.md
211 silly gunzTarPerm extractEntry lib/application.js
212 silly gunzTarPerm extractEntry async_hooks.d.ts
213 silly gunzTarPerm modified mode [ 'async_hooks.d.ts', 438, 420 ]
214 silly gunzTarPerm extractEntry base.d.ts
215 silly gunzTarPerm modified mode [ 'base.d.ts', 438, 420 ]
216 silly gunzTarPerm extractEntry lib/express.js
217 silly gunzTarPerm extractEntry lib/middleware/init.js
218 silly gunzTarPerm extractEntry lib/middleware/query.js
219 silly gunzTarPerm extractEntry lib/request.js
220 silly gunzTarPerm extractEntry buffer.d.ts
221 silly gunzTarPerm modified mode [ 'buffer.d.ts', 438, 420 ]
222 silly gunzTarPerm extractEntry child_process.d.ts
223 silly gunzTarPerm modified mode [ 'child_process.d.ts', 438, 420 ]
224 silly gunzTarPerm extractEntry lib/response.js
225 silly gunzTarPerm extractEntry lib/router/index.js
226 silly gunzTarPerm extractEntry lib/router/layer.js
227 silly gunzTarPerm extractEntry lib/router/route.js
228 silly gunzTarPerm extractEntry lib/utils.js
229 silly gunzTarPerm extractEntry lib/view.js
230 silly gunzTarPerm extractEntry cluster.d.ts
231 silly gunzTarPerm modified mode [ 'cluster.d.ts', 438, 420 ]
232 silly gunzTarPerm extractEntry console.d.ts
233 silly gunzTarPerm modified mode [ 'console.d.ts', 438, 420 ]
234 silly gunzTarPerm extractEntry constants.d.ts
235 silly gunzTarPerm modified mode [ 'constants.d.ts', 438, 420 ]
236 silly gunzTarPerm extractEntry crypto.d.ts
237 silly gunzTarPerm modified mode [ 'crypto.d.ts', 438, 420 ]
238 http 304 https://registry.npmjs.org/@types%2famqplib
239 verbose headers { date: 'Thu, 23 Apr 2020 00:13:18 GMT',
239 verbose headers   connection: 'keep-alive',
239 verbose headers   'set-cookie':
239 verbose headers    [ '__cfduid=d8f123e6b4912ff8f24e1a8f149e8bf9d1587600798; expires=Sat, 23-May-20 00:13:18 GMT; path=/; domain=.npmjs.org; HttpOnly; SameSite=Lax' ],
239 verbose headers   'cf-ray': '588360be6f4903dc-ORD',
239 verbose headers   age: '2220',
239 verbose headers   'cache-control': 'public, max-age=300',
239 verbose headers   etag: '"38cb2c4efe8ac3b14827f344d1edca0e"',
239 verbose headers   'last-modified': 'Thu, 27 Feb 2020 18:04:46 GMT',
239 verbose headers   vary: 'Accept-Encoding',
239 verbose headers   'cf-cache-status': 'HIT',
239 verbose headers   'expect-ct': 'max-age=604800, report-uri="https://report-uri.cloudflare.com/cdn-cgi/beacon/expect-ct"',
239 verbose headers   server: 'cloudflare',
239 verbose headers   'cf-request-id': '0245facb05000003dcd5954200000001' }
240 silly get cb [ 304,
240 silly get   { date: 'Thu, 23 Apr 2020 00:13:18 GMT',
240 silly get     connection: 'keep-alive',
240 silly get     'set-cookie':
240 silly get      [ '__cfduid=d8f123e6b4912ff8f24e1a8f149e8bf9d1587600798; expires=Sat, 23-May-20 00:13:18 GMT; path=/; domain=.npmjs.org; HttpOnly; SameSite=Lax' ],
240 silly get     'cf-ray': '588360be6f4903dc-ORD',
240 silly get     age: '2220',
240 silly get     'cache-control': 'public, max-age=300',
240 silly get     etag: '"38cb2c4efe8ac3b14827f344d1edca0e"',
240 silly get     'last-modified': 'Thu, 27 Feb 2020 18:04:46 GMT',
240 silly get     vary: 'Accept-Encoding',
240 silly get     'cf-cache-status': 'HIT',
240 silly get     'expect-ct': 'max-age=604800, report-uri="https://report-uri.cloudflare.com/cdn-cgi/beacon/expect-ct"',
240 silly get     server: 'cloudflare',
240 silly get     'cf-request-id': '0245facb05000003dcd5954200000001' } ]
241 verbose etag https://registry.npmjs.org/@types%2famqplib from cache
242 verbose get saving @types/amqplib to /home/vince/.npm/registry.npmjs.org/_40types_252famqplib/.cache.json
243 silly gunzTarPerm extractEntry dgram.d.ts
244 silly gunzTarPerm modified mode [ 'dgram.d.ts', 438, 420 ]
245 silly gunzTarPerm extractEntry dns.d.ts
246 silly gunzTarPerm modified mode [ 'dns.d.ts', 438, 420 ]
247 silly mapToRegistry name @types/amqplib
248 silly mapToRegistry scope (from package name) @types
249 verbose mapToRegistry no registry URL found in name for scope @types
250 silly mapToRegistry using default registry
251 silly mapToRegistry registry https://registry.npmjs.org/
252 silly mapToRegistry uri https://registry.npmjs.org/@types%2famqplib
253 verbose addRemoteTarball https://registry.npmjs.org/@types/amqplib/-/amqplib-0.5.13.tgz not in flight; adding
254 verbose addRemoteTarball [ 'https://registry.npmjs.org/@types/amqplib/-/amqplib-0.5.13.tgz',
254 verbose addRemoteTarball   'a0dc9be08f38b91e5f7532acf0c89b0e515cdc6c' ]
255 info retry fetch attempt 1 at 8:13:17 PM
256 info attempt registry request try #1 at 8:13:17 PM
257 http fetch GET https://registry.npmjs.org/@types/amqplib/-/amqplib-0.5.13.tgz
258 silly gunzTarPerm extractEntry domain.d.ts
259 silly gunzTarPerm modified mode [ 'domain.d.ts', 438, 420 ]
260 silly gunzTarPerm extractEntry events.d.ts
261 silly gunzTarPerm modified mode [ 'events.d.ts', 438, 420 ]
262 silly gunzTarPerm extractEntry fs.d.ts
263 silly gunzTarPerm modified mode [ 'fs.d.ts', 438, 420 ]
264 silly gunzTarPerm extractEntry globals.d.ts
265 silly gunzTarPerm modified mode [ 'globals.d.ts', 438, 420 ]
266 silly gunzTarPerm extractEntry http.d.ts
267 silly gunzTarPerm modified mode [ 'http.d.ts', 438, 420 ]
268 silly gunzTarPerm extractEntry http2.d.ts
269 silly gunzTarPerm modified mode [ 'http2.d.ts', 438, 420 ]
270 silly gunzTarPerm extractEntry https.d.ts
271 silly gunzTarPerm modified mode [ 'https.d.ts', 438, 420 ]
272 silly gunzTarPerm extractEntry index.d.ts
273 silly gunzTarPerm modified mode [ 'index.d.ts', 438, 420 ]
274 silly gunzTarPerm extractEntry inspector.d.ts
275 silly gunzTarPerm modified mode [ 'inspector.d.ts', 438, 420 ]
276 silly gunzTarPerm extractEntry module.d.ts
277 silly gunzTarPerm modified mode [ 'module.d.ts', 438, 420 ]
278 silly gunzTarPerm extractEntry net.d.ts
279 silly gunzTarPerm modified mode [ 'net.d.ts', 438, 420 ]
280 silly gunzTarPerm extractEntry os.d.ts
281 silly gunzTarPerm modified mode [ 'os.d.ts', 438, 420 ]
282 silly gunzTarPerm extractEntry package.json
283 silly gunzTarPerm modified mode [ 'package.json', 438, 420 ]
284 silly gunzTarPerm extractEntry path.d.ts
285 silly gunzTarPerm modified mode [ 'path.d.ts', 438, 420 ]
286 http fetch 200 https://registry.npmjs.org/@types/amqplib/-/amqplib-0.5.13.tgz
287 http 304 https://registry.npmjs.org/@types%2fexpress
288 verbose headers { date: 'Thu, 23 Apr 2020 00:13:18 GMT',
288 verbose headers   connection: 'keep-alive',
288 verbose headers   'set-cookie':
288 verbose headers    [ '__cfduid=d1806cbab836a8f12830e0c4abe0aedb61587600798; expires=Sat, 23-May-20 00:13:18 GMT; path=/; domain=.npmjs.org; HttpOnly; SameSite=Lax' ],
288 verbose headers   'cf-ray': '588360befaca0357-ORD',
288 verbose headers   age: '3572',
288 verbose headers   'cache-control': 'public, max-age=300',
288 verbose headers   etag: '"ea4509a252b205e09a3bb536917c3668"',
288 verbose headers   'last-modified': 'Thu, 09 Apr 2020 20:56:29 GMT',
288 verbose headers   vary: 'Accept-Encoding',
288 verbose headers   'cf-cache-status': 'HIT',
288 verbose headers   'expect-ct': 'max-age=604800, report-uri="https://report-uri.cloudflare.com/cdn-cgi/beacon/expect-ct"',
288 verbose headers   server: 'cloudflare',
288 verbose headers   'cf-request-id': '0245facb570000035746b49200000001' }
289 silly get cb [ 304,
289 silly get   { date: 'Thu, 23 Apr 2020 00:13:18 GMT',
289 silly get     connection: 'keep-alive',
289 silly get     'set-cookie':
289 silly get      [ '__cfduid=d1806cbab836a8f12830e0c4abe0aedb61587600798; expires=Sat, 23-May-20 00:13:18 GMT; path=/; domain=.npmjs.org; HttpOnly; SameSite=Lax' ],
289 silly get     'cf-ray': '588360befaca0357-ORD',
289 silly get     age: '3572',
289 silly get     'cache-control': 'public, max-age=300',
289 silly get     etag: '"ea4509a252b205e09a3bb536917c3668"',
289 silly get     'last-modified': 'Thu, 09 Apr 2020 20:56:29 GMT',
289 silly get     vary: 'Accept-Encoding',
289 silly get     'cf-cache-status': 'HIT',
289 silly get     'expect-ct': 'max-age=604800, report-uri="https://report-uri.cloudflare.com/cdn-cgi/beacon/expect-ct"',
289 silly get     server: 'cloudflare',
289 silly get     'cf-request-id': '0245facb570000035746b49200000001' } ]
290 verbose etag https://registry.npmjs.org/@types%2fexpress from cache
291 verbose get saving @types/express to /home/vince/.npm/registry.npmjs.org/_40types_252fexpress/.cache.json
292 silly fetchAndShaCheck shasum a0dc9be08f38b91e5f7532acf0c89b0e515cdc6c
293 silly gunzTarPerm extractEntry perf_hooks.d.ts
294 silly gunzTarPerm modified mode [ 'perf_hooks.d.ts', 438, 420 ]
295 silly gunzTarPerm extractEntry process.d.ts
296 silly gunzTarPerm modified mode [ 'process.d.ts', 438, 420 ]
297 verbose addTmpTarball /tmp/npm-1849-751695a7/registry.npmjs.org/_40types/amqplib/-/amqplib-0.5.13.tgz not in flight; adding
298 verbose addTmpTarball already have metadata; skipping unpack for @types/amqplib@0.5.13
299 silly mapToRegistry name @types/express
300 silly mapToRegistry scope (from package name) @types
301 verbose mapToRegistry no registry URL found in name for scope @types
302 silly mapToRegistry using default registry
303 silly mapToRegistry registry https://registry.npmjs.org/
304 silly mapToRegistry uri https://registry.npmjs.org/@types%2fexpress
305 verbose addRemoteTarball https://registry.npmjs.org/@types/express/-/express-4.17.6.tgz not in flight; adding
306 verbose addRemoteTarball [ 'https://registry.npmjs.org/@types/express/-/express-4.17.6.tgz',
306 verbose addRemoteTarball   '6bce49e49570507b86ea1b07b806f04697fac45e' ]
307 info retry fetch attempt 1 at 8:13:17 PM
308 info attempt registry request try #1 at 8:13:17 PM
309 http fetch GET https://registry.npmjs.org/@types/express/-/express-4.17.6.tgz
310 silly gunzTarPerm extractEntry punycode.d.ts
311 silly gunzTarPerm modified mode [ 'punycode.d.ts', 438, 420 ]
312 silly gunzTarPerm extractEntry querystring.d.ts
313 silly gunzTarPerm modified mode [ 'querystring.d.ts', 438, 420 ]
314 silly gunzTarPerm extractEntry readline.d.ts
315 silly gunzTarPerm modified mode [ 'readline.d.ts', 438, 420 ]
316 silly gunzTarPerm extractEntry repl.d.ts
317 silly gunzTarPerm modified mode [ 'repl.d.ts', 438, 420 ]
318 verbose unbuild node_modules/.staging/@types/amqplib-4dc409f3
319 silly gentlyRm /mnt/c/Users/rotfl/OneDrive/Desktop/College/CS505/Final/Node/node_modules/.staging/@types/amqplib-4dc409f3 is being purged from base /mnt/c/Users/rotfl/OneDrive/Desktop/College/CS505/Final/Node
320 verbose gentlyRm don't care about contents; nuking /mnt/c/Users/rotfl/OneDrive/Desktop/College/CS505/Final/Node/node_modules/.staging/@types/amqplib-4dc409f3
321 verbose tar unpack /home/vince/.npm/@types/amqplib/0.5.13/package.tgz
322 verbose tar unpacking to /mnt/c/Users/rotfl/OneDrive/Desktop/College/CS505/Final/Node/node_modules/.staging/@types/amqplib-4dc409f3
323 silly gentlyRm /mnt/c/Users/rotfl/OneDrive/Desktop/College/CS505/Final/Node/node_modules/.staging/@types/amqplib-4dc409f3 is being purged
324 verbose gentlyRm don't care about contents; nuking /mnt/c/Users/rotfl/OneDrive/Desktop/College/CS505/Final/Node/node_modules/.staging/@types/amqplib-4dc409f3
325 silly gunzTarPerm modes [ '755', '644' ]
326 silly gunzTarPerm extractEntry stream.d.ts
327 silly gunzTarPerm modified mode [ 'stream.d.ts', 438, 420 ]
328 silly gunzTarPerm extractEntry string_decoder.d.ts
329 silly gunzTarPerm modified mode [ 'string_decoder.d.ts', 438, 420 ]
330 silly gunzTarPerm extractEntry timers.d.ts
331 silly gunzTarPerm modified mode [ 'timers.d.ts', 438, 420 ]
332 silly gunzTarPerm extractEntry LICENSE
333 silly gunzTarPerm modified mode [ 'LICENSE', 438, 420 ]
334 silly gunzTarPerm extractEntry tls.d.ts
335 silly gunzTarPerm modified mode [ 'tls.d.ts', 438, 420 ]
336 silly gunzTarPerm extractEntry trace_events.d.ts
337 silly gunzTarPerm modified mode [ 'trace_events.d.ts', 438, 420 ]
338 silly gunzTarPerm extractEntry README.md
339 silly gunzTarPerm modified mode [ 'README.md', 438, 420 ]
340 silly gunzTarPerm extractEntry callback_api.d.ts
341 silly gunzTarPerm modified mode [ 'callback_api.d.ts', 438, 420 ]
342 silly gunzTarPerm extractEntry ts3.2/
343 silly gunzTarPerm modified mode [ 'ts3.2/', 511, 493 ]
344 silly gunzTarPerm extractEntry ts3.2/base.d.ts
345 silly gunzTarPerm modified mode [ 'ts3.2/base.d.ts', 438, 420 ]
346 silly gunzTarPerm extractEntry ts3.2/fs.d.ts
347 silly gunzTarPerm modified mode [ 'ts3.2/fs.d.ts', 438, 420 ]
348 silly gunzTarPerm extractEntry ts3.2/globals.d.ts
349 silly gunzTarPerm modified mode [ 'ts3.2/globals.d.ts', 438, 420 ]
350 silly gunzTarPerm extractEntry ts3.2/index.d.ts
351 silly gunzTarPerm modified mode [ 'ts3.2/index.d.ts', 438, 420 ]
352 silly gunzTarPerm extractEntry index.d.ts
353 silly gunzTarPerm modified mode [ 'index.d.ts', 438, 420 ]
354 silly gunzTarPerm extractEntry package.json
355 silly gunzTarPerm modified mode [ 'package.json', 438, 420 ]
356 silly gunzTarPerm extractEntry ts3.2/util.d.ts
357 silly gunzTarPerm modified mode [ 'ts3.2/util.d.ts', 438, 420 ]
358 silly gunzTarPerm extractEntry properties.d.ts
359 silly gunzTarPerm modified mode [ 'properties.d.ts', 438, 420 ]
360 silly gunzTarPerm extractEntry ts3.5/
361 silly gunzTarPerm modified mode [ 'ts3.5/', 511, 493 ]
362 silly gunzTarPerm extractEntry ts3.5/base.d.ts
363 silly gunzTarPerm modified mode [ 'ts3.5/base.d.ts', 438, 420 ]
364 silly gunzTarPerm extractEntry ts3.5/index.d.ts
365 silly gunzTarPerm modified mode [ 'ts3.5/index.d.ts', 438, 420 ]
366 http fetch 200 https://registry.npmjs.org/@types/express/-/express-4.17.6.tgz
367 silly gunzTarPerm extractEntry ts3.5/wasi.d.ts
368 silly gunzTarPerm modified mode [ 'ts3.5/wasi.d.ts', 438, 420 ]
369 silly gunzTarPerm extractEntry ts3.7/
370 silly gunzTarPerm modified mode [ 'ts3.7/', 511, 493 ]
371 silly gentlyRm /mnt/c/Users/rotfl/OneDrive/Desktop/College/CS505/Final/Node/node_modules/.staging/express-fd7b0fbd/node_modules is being purged
372 verbose gentlyRm don't care about contents; nuking /mnt/c/Users/rotfl/OneDrive/Desktop/College/CS505/Final/Node/node_modules/.staging/express-fd7b0fbd/node_modules
373 silly fetchAndShaCheck shasum 6bce49e49570507b86ea1b07b806f04697fac45e
374 verbose addTmpTarball /tmp/npm-1849-751695a7/registry.npmjs.org/_40types/express/-/express-4.17.6.tgz not in flight; adding
375 verbose addTmpTarball already have metadata; skipping unpack for @types/express@4.17.6
376 silly gunzTarPerm extractEntry ts3.7/assert.d.ts
377 silly gunzTarPerm modified mode [ 'ts3.7/assert.d.ts', 438, 420 ]
378 silly gunzTarPerm extractEntry ts3.7/base.d.ts
379 silly gunzTarPerm modified mode [ 'ts3.7/base.d.ts', 438, 420 ]
380 silly gunzTarPerm extractEntry ts3.7/index.d.ts
381 silly gunzTarPerm modified mode [ 'ts3.7/index.d.ts', 438, 420 ]
382 silly gunzTarPerm extractEntry tty.d.ts
383 silly gunzTarPerm modified mode [ 'tty.d.ts', 438, 420 ]
384 silly gunzTarPerm extractEntry url.d.ts
385 silly gunzTarPerm modified mode [ 'url.d.ts', 438, 420 ]
386 silly gunzTarPerm extractEntry util.d.ts
387 silly gunzTarPerm modified mode [ 'util.d.ts', 438, 420 ]
388 silly gunzTarPerm extractEntry v8.d.ts
389 silly gunzTarPerm modified mode [ 'v8.d.ts', 438, 420 ]
390 verbose unbuild node_modules/.staging/@types/express-e825ed2d
391 silly gentlyRm /mnt/c/Users/rotfl/OneDrive/Desktop/College/CS505/Final/Node/node_modules/.staging/@types/express-e825ed2d is being purged from base /mnt/c/Users/rotfl/OneDrive/Desktop/College/CS505/Final/Node
392 verbose gentlyRm don't care about contents; nuking /mnt/c/Users/rotfl/OneDrive/Desktop/College/CS505/Final/Node/node_modules/.staging/@types/express-e825ed2d
393 silly gunzTarPerm extractEntry vm.d.ts
394 silly gunzTarPerm modified mode [ 'vm.d.ts', 438, 420 ]
395 verbose tar unpack /home/vince/.npm/@types/express/4.17.6/package.tgz
396 verbose tar unpacking to /mnt/c/Users/rotfl/OneDrive/Desktop/College/CS505/Final/Node/node_modules/.staging/@types/express-e825ed2d
397 silly gentlyRm /mnt/c/Users/rotfl/OneDrive/Desktop/College/CS505/Final/Node/node_modules/.staging/@types/express-e825ed2d is being purged
398 verbose gentlyRm don't care about contents; nuking /mnt/c/Users/rotfl/OneDrive/Desktop/College/CS505/Final/Node/node_modules/.staging/@types/express-e825ed2d
399 silly gunzTarPerm modes [ '755', '644' ]
400 silly gunzTarPerm extractEntry worker_threads.d.ts
401 silly gunzTarPerm modified mode [ 'worker_threads.d.ts', 438, 420 ]
402 silly gunzTarPerm extractEntry zlib.d.ts
403 silly gunzTarPerm modified mode [ 'zlib.d.ts', 438, 420 ]
404 silly gunzTarPerm extractEntry LICENSE
405 silly gunzTarPerm modified mode [ 'LICENSE', 438, 420 ]
406 silly gunzTarPerm extractEntry README.md
407 silly gunzTarPerm modified mode [ 'README.md', 438, 420 ]
408 silly gunzTarPerm extractEntry index.d.ts
409 silly gunzTarPerm modified mode [ 'index.d.ts', 438, 420 ]
410 silly gentlyRm /mnt/c/Users/rotfl/OneDrive/Desktop/College/CS505/Final/Node/node_modules/.staging/@types/amqplib-4dc409f3/node_modules is being purged
411 verbose gentlyRm don't care about contents; nuking /mnt/c/Users/rotfl/OneDrive/Desktop/College/CS505/Final/Node/node_modules/.staging/@types/amqplib-4dc409f3/node_modules
412 silly gunzTarPerm extractEntry package.json
413 silly gunzTarPerm modified mode [ 'package.json', 438, 420 ]
414 silly gentlyRm /mnt/c/Users/rotfl/OneDrive/Desktop/College/CS505/Final/Node/node_modules/.staging/@types/express-e825ed2d/node_modules is being purged
415 verbose gentlyRm don't care about contents; nuking /mnt/c/Users/rotfl/OneDrive/Desktop/College/CS505/Final/Node/node_modules/.staging/@types/express-e825ed2d/node_modules
416 silly gentlyRm /mnt/c/Users/rotfl/OneDrive/Desktop/College/CS505/Final/Node/node_modules/.staging/@types/node-b6a88c8f/node_modules is being purged
417 verbose gentlyRm don't care about contents; nuking /mnt/c/Users/rotfl/OneDrive/Desktop/College/CS505/Final/Node/node_modules/.staging/@types/node-b6a88c8f/node_modules
418 http 304 https://registry.npmjs.org/amqplib
419 verbose headers { date: 'Thu, 23 Apr 2020 00:13:23 GMT',
419 verbose headers   connection: 'keep-alive',
419 verbose headers   'set-cookie':
419 verbose headers    [ '__cfduid=d0c9bd3be42700f064ae326daf22674fa1587600803; expires=Sat, 23-May-20 00:13:23 GMT; path=/; domain=.npmjs.org; HttpOnly; SameSite=Lax' ],
419 verbose headers   'cf-ray': '588360de39c4f236-ORD',
419 verbose headers   age: '4351',
419 verbose headers   'cache-control': 'public, max-age=300',
419 verbose headers   etag: '"c7183a95dfd6bdb511ba2c971e42b141"',
419 verbose headers   'last-modified': 'Wed, 31 Jul 2019 07:31:46 GMT',
419 verbose headers   vary: 'Accept-Encoding',
419 verbose headers   'cf-cache-status': 'HIT',
419 verbose headers   'expect-ct': 'max-age=604800, report-uri="https://report-uri.cloudflare.com/cdn-cgi/beacon/expect-ct"',
419 verbose headers   server: 'cloudflare',
419 verbose headers   'cf-request-id': '0245fadedf0000f236be024200000001' }
420 silly get cb [ 304,
420 silly get   { date: 'Thu, 23 Apr 2020 00:13:23 GMT',
420 silly get     connection: 'keep-alive',
420 silly get     'set-cookie':
420 silly get      [ '__cfduid=d0c9bd3be42700f064ae326daf22674fa1587600803; expires=Sat, 23-May-20 00:13:23 GMT; path=/; domain=.npmjs.org; HttpOnly; SameSite=Lax' ],
420 silly get     'cf-ray': '588360de39c4f236-ORD',
420 silly get     age: '4351',
420 silly get     'cache-control': 'public, max-age=300',
420 silly get     etag: '"c7183a95dfd6bdb511ba2c971e42b141"',
420 silly get     'last-modified': 'Wed, 31 Jul 2019 07:31:46 GMT',
420 silly get     vary: 'Accept-Encoding',
420 silly get     'cf-cache-status': 'HIT',
420 silly get     'expect-ct': 'max-age=604800, report-uri="https://report-uri.cloudflare.com/cdn-cgi/beacon/expect-ct"',
420 silly get     server: 'cloudflare',
420 silly get     'cf-request-id': '0245fadedf0000f236be024200000001' } ]
421 verbose etag https://registry.npmjs.org/amqplib from cache
422 verbose get saving amqplib to /home/vince/.npm/registry.npmjs.org/amqplib/.cache.json
423 silly mapToRegistry name amqplib
424 silly mapToRegistry using default registry
425 silly mapToRegistry registry https://registry.npmjs.org/
426 silly mapToRegistry uri https://registry.npmjs.org/amqplib
427 verbose addRemoteTarball https://registry.npmjs.org/amqplib/-/amqplib-0.5.5.tgz not in flight; adding
428 verbose addRemoteTarball [ 'https://registry.npmjs.org/amqplib/-/amqplib-0.5.5.tgz',
428 verbose addRemoteTarball   '698f0cb577e0591954a90572fcb3b8998a76fd40' ]
429 info retry fetch attempt 1 at 8:13:22 PM
430 info attempt registry request try #1 at 8:13:22 PM
431 http fetch GET https://registry.npmjs.org/amqplib/-/amqplib-0.5.5.tgz
432 http fetch 200 https://registry.npmjs.org/amqplib/-/amqplib-0.5.5.tgz
433 silly fetchAndShaCheck shasum 698f0cb577e0591954a90572fcb3b8998a76fd40
434 verbose addTmpTarball /tmp/npm-1849-751695a7/registry.npmjs.org/amqplib/-/amqplib-0.5.5.tgz not in flight; adding
435 verbose addTmpTarball already have metadata; skipping unpack for amqplib@0.5.5
436 verbose unbuild node_modules/.staging/amqplib-51057e92
437 silly gentlyRm /mnt/c/Users/rotfl/OneDrive/Desktop/College/CS505/Final/Node/node_modules/.staging/amqplib-51057e92 is being purged from base /mnt/c/Users/rotfl/OneDrive/Desktop/College/CS505/Final/Node
438 verbose gentlyRm don't care about contents; nuking /mnt/c/Users/rotfl/OneDrive/Desktop/College/CS505/Final/Node/node_modules/.staging/amqplib-51057e92
439 verbose tar unpack /home/vince/.npm/amqplib/0.5.5/package.tgz
440 verbose tar unpacking to /mnt/c/Users/rotfl/OneDrive/Desktop/College/CS505/Final/Node/node_modules/.staging/amqplib-51057e92
441 silly gentlyRm /mnt/c/Users/rotfl/OneDrive/Desktop/College/CS505/Final/Node/node_modules/.staging/amqplib-51057e92 is being purged
442 verbose gentlyRm don't care about contents; nuking /mnt/c/Users/rotfl/OneDrive/Desktop/College/CS505/Final/Node/node_modules/.staging/amqplib-51057e92
443 silly gunzTarPerm modes [ '755', '644' ]
444 silly gunzTarPerm extractEntry package.json
445 silly gunzTarPerm modified mode [ 'package.json', 436, 420 ]
446 silly gunzTarPerm extractEntry .npmignore
447 silly gunzTarPerm modified mode [ '.npmignore', 436, 420 ]
448 silly gunzTarPerm extractEntry README.md
449 silly gunzTarPerm modified mode [ 'README.md', 436, 420 ]
450 silly gunzTarPerm extractEntry LICENSE
451 silly gunzTarPerm modified mode [ 'LICENSE', 436, 420 ]
452 silly gunzTarPerm extractEntry channel_api.js
453 silly gunzTarPerm modified mode [ 'channel_api.js', 436, 420 ]
454 silly gunzTarPerm extractEntry callback_api.js
455 silly gunzTarPerm modified mode [ 'callback_api.js', 436, 420 ]
456 silly gunzTarPerm extractEntry CHANGELOG.md
457 silly gunzTarPerm modified mode [ 'CHANGELOG.md', 436, 420 ]
458 silly gunzTarPerm extractEntry LICENSE-MIT
459 silly gunzTarPerm modified mode [ 'LICENSE-MIT', 436, 420 ]
460 silly gunzTarPerm extractEntry Makefile
461 silly gunzTarPerm modified mode [ 'Makefile', 436, 420 ]
462 silly gunzTarPerm extractEntry bin/generate-defs.js
463 silly gunzTarPerm modified mode [ 'bin/generate-defs.js', 436, 420 ]
464 silly gunzTarPerm extractEntry examples/waitForConfirms.js
465 silly gunzTarPerm modified mode [ 'examples/waitForConfirms.js', 436, 420 ]
466 silly gunzTarPerm extractEntry examples/ssl.js
467 silly gunzTarPerm modified mode [ 'examples/ssl.js', 436, 420 ]
468 silly gunzTarPerm extractEntry examples/send_generators.js
469 silly gunzTarPerm modified mode [ 'examples/send_generators.js', 509, 493 ]
470 silly gunzTarPerm extractEntry examples/receive_generator.js
471 silly gunzTarPerm modified mode [ 'examples/receive_generator.js', 436, 420 ]
472 silly gunzTarPerm extractEntry examples/headers.js
473 silly gunzTarPerm modified mode [ 'examples/headers.js', 509, 493 ]
474 silly gunzTarPerm extractEntry examples/tutorials/package.json
475 silly gunzTarPerm modified mode [ 'examples/tutorials/package.json', 436, 420 ]
476 silly gunzTarPerm extractEntry examples/tutorials/README.md
477 silly gunzTarPerm modified mode [ 'examples/tutorials/README.md', 436, 420 ]
478 silly gunzTarPerm extractEntry examples/tutorials/worker.js
479 silly gunzTarPerm modified mode [ 'examples/tutorials/worker.js', 509, 493 ]
480 silly gunzTarPerm extractEntry examples/tutorials/send.js
481 silly gunzTarPerm modified mode [ 'examples/tutorials/send.js', 509, 493 ]
482 silly gunzTarPerm extractEntry examples/tutorials/rpc_server.js
483 silly gunzTarPerm modified mode [ 'examples/tutorials/rpc_server.js', 509, 493 ]
484 silly gunzTarPerm extractEntry examples/tutorials/rpc_client.js
485 silly gunzTarPerm modified mode [ 'examples/tutorials/rpc_client.js', 509, 493 ]
486 silly gunzTarPerm extractEntry examples/tutorials/receive_logs_topic.js
487 silly gunzTarPerm modified mode [ 'examples/tutorials/receive_logs_topic.js', 509, 493 ]
488 silly gunzTarPerm extractEntry examples/tutorials/receive_logs_direct.js
489 silly gunzTarPerm modified mode [ 'examples/tutorials/receive_logs_direct.js', 509, 493 ]
490 silly gunzTarPerm extractEntry examples/tutorials/receive_logs.js
491 silly gunzTarPerm modified mode [ 'examples/tutorials/receive_logs.js', 509, 493 ]
492 silly gunzTarPerm extractEntry examples/tutorials/receive.js
493 silly gunzTarPerm modified mode [ 'examples/tutorials/receive.js', 509, 493 ]
494 silly gunzTarPerm extractEntry examples/tutorials/new_task.js
495 silly gunzTarPerm modified mode [ 'examples/tutorials/new_task.js', 509, 493 ]
496 silly gunzTarPerm extractEntry examples/tutorials/emit_log_topic.js
497 silly gunzTarPerm modified mode [ 'examples/tutorials/emit_log_topic.js', 509, 493 ]
498 silly gunzTarPerm extractEntry examples/tutorials/emit_log_direct.js
499 silly gunzTarPerm modified mode [ 'examples/tutorials/emit_log_direct.js', 509, 493 ]
500 silly gunzTarPerm extractEntry examples/tutorials/emit_log.js
501 silly gunzTarPerm modified mode [ 'examples/tutorials/emit_log.js', 509, 493 ]
502 silly gunzTarPerm extractEntry examples/tutorials/callback_api/worker.js
503 silly gunzTarPerm modified mode [ 'examples/tutorials/callback_api/worker.js', 509, 493 ]
504 silly gunzTarPerm extractEntry examples/tutorials/callback_api/send.js
505 silly gunzTarPerm modified mode [ 'examples/tutorials/callback_api/send.js', 509, 493 ]
506 silly gunzTarPerm extractEntry examples/tutorials/callback_api/rpc_server.js
507 silly gunzTarPerm modified mode [ 'examples/tutorials/callback_api/rpc_server.js', 509, 493 ]
508 silly gunzTarPerm extractEntry examples/tutorials/callback_api/rpc_client.js
509 silly gunzTarPerm modified mode [ 'examples/tutorials/callback_api/rpc_client.js', 509, 493 ]
510 silly gunzTarPerm extractEntry examples/tutorials/callback_api/receive_logs_topic.js
511 silly gunzTarPerm modified mode [ 'examples/tutorials/callback_api/receive_logs_topic.js',
511 silly gunzTarPerm   509,
511 silly gunzTarPerm   493 ]
512 silly gunzTarPerm extractEntry examples/tutorials/callback_api/receive_logs_direct.js
513 silly gunzTarPerm modified mode [ 'examples/tutorials/callback_api/receive_logs_direct.js',
513 silly gunzTarPerm   509,
513 silly gunzTarPerm   493 ]
514 silly gunzTarPerm extractEntry examples/tutorials/callback_api/receive_logs.js
515 silly gunzTarPerm modified mode [ 'examples/tutorials/callback_api/receive_logs.js', 509, 493 ]
516 silly gunzTarPerm extractEntry examples/tutorials/callback_api/receive.js
517 silly gunzTarPerm modified mode [ 'examples/tutorials/callback_api/receive.js', 509, 493 ]
518 silly gunzTarPerm extractEntry examples/tutorials/callback_api/new_task.js
519 silly gunzTarPerm modified mode [ 'examples/tutorials/callback_api/new_task.js', 509, 493 ]
520 silly gunzTarPerm extractEntry examples/tutorials/callback_api/emit_log_topic.js
521 silly gunzTarPerm modified mode [ 'examples/tutorials/callback_api/emit_log_topic.js', 509, 493 ]
522 silly gunzTarPerm extractEntry examples/tutorials/callback_api/emit_log_direct.js
523 silly gunzTarPerm modified mode [ 'examples/tutorials/callback_api/emit_log_direct.js',
523 silly gunzTarPerm   509,
523 silly gunzTarPerm   493 ]
524 silly gunzTarPerm extractEntry examples/tutorials/callback_api/emit_log.js
525 silly gunzTarPerm modified mode [ 'examples/tutorials/callback_api/emit_log.js', 509, 493 ]
526 silly gunzTarPerm extractEntry lib/mux.js
527 silly gunzTarPerm modified mode [ 'lib/mux.js', 436, 420 ]
528 silly gunzTarPerm extractEntry lib/heartbeat.js
529 silly gunzTarPerm modified mode [ 'lib/heartbeat.js', 436, 420 ]
530 silly gunzTarPerm extractEntry lib/frame.js
531 silly gunzTarPerm modified mode [ 'lib/frame.js', 436, 420 ]
532 silly gunzTarPerm extractEntry lib/format.js
533 silly gunzTarPerm modified mode [ 'lib/format.js', 436, 420 ]
534 silly gunzTarPerm extractEntry lib/error.js
535 silly gunzTarPerm modified mode [ 'lib/error.js', 436, 420 ]
536 silly gunzTarPerm extractEntry lib/defs.js
537 silly gunzTarPerm modified mode [ 'lib/defs.js', 436, 420 ]
538 silly gunzTarPerm extractEntry lib/credentials.js
539 silly gunzTarPerm modified mode [ 'lib/credentials.js', 436, 420 ]
540 silly gunzTarPerm extractEntry lib/connection.js
541 silly gunzTarPerm modified mode [ 'lib/connection.js', 436, 420 ]
542 silly gunzTarPerm extractEntry lib/connect.js
543 silly gunzTarPerm modified mode [ 'lib/connect.js', 436, 420 ]
544 silly gunzTarPerm extractEntry lib/codec.js
545 silly gunzTarPerm modified mode [ 'lib/codec.js', 436, 420 ]
546 silly gunzTarPerm extractEntry lib/channel_model.js
547 silly gunzTarPerm modified mode [ 'lib/channel_model.js', 436, 420 ]
548 silly gunzTarPerm extractEntry lib/channel.js
549 silly gunzTarPerm modified mode [ 'lib/channel.js', 436, 420 ]
550 silly gunzTarPerm extractEntry lib/callback_model.js
551 silly gunzTarPerm modified mode [ 'lib/callback_model.js', 436, 420 ]
552 silly gunzTarPerm extractEntry lib/bitset.js
553 silly gunzTarPerm modified mode [ 'lib/bitset.js', 436, 420 ]
554 silly gunzTarPerm extractEntry lib/api_args.js
555 silly gunzTarPerm modified mode [ 'lib/api_args.js', 436, 420 ]
556 silly gunzTarPerm extractEntry package-lock.json
557 silly gunzTarPerm modified mode [ 'package-lock.json', 436, 420 ]
558 silly gunzTarPerm extractEntry test/util.js
559 silly gunzTarPerm modified mode [ 'test/util.js', 436, 420 ]
560 silly gunzTarPerm extractEntry test/mux.js
561 silly gunzTarPerm modified mode [ 'test/mux.js', 436, 420 ]
562 silly gunzTarPerm extractEntry test/frame.js
563 silly gunzTarPerm modified mode [ 'test/frame.js', 436, 420 ]
564 silly gunzTarPerm extractEntry test/data.js
565 silly gunzTarPerm modified mode [ 'test/data.js', 436, 420 ]
566 silly gunzTarPerm extractEntry test/connection.js
567 silly gunzTarPerm modified mode [ 'test/connection.js', 436, 420 ]
568 silly gunzTarPerm extractEntry test/connect.js
569 silly gunzTarPerm modified mode [ 'test/connect.js', 436, 420 ]
570 silly gunzTarPerm extractEntry test/codec.js
571 silly gunzTarPerm modified mode [ 'test/codec.js', 436, 420 ]
572 silly gunzTarPerm extractEntry test/channel_api.js
573 silly gunzTarPerm modified mode [ 'test/channel_api.js', 436, 420 ]
574 silly gunzTarPerm extractEntry test/channel.js
575 silly gunzTarPerm modified mode [ 'test/channel.js', 436, 420 ]
576 silly gunzTarPerm extractEntry test/callback_api.js
577 silly gunzTarPerm modified mode [ 'test/callback_api.js', 436, 420 ]
578 silly gunzTarPerm extractEntry test/bitset.js
579 silly gunzTarPerm modified mode [ 'test/bitset.js', 436, 420 ]
580 silly gentlyRm /mnt/c/Users/rotfl/OneDrive/Desktop/College/CS505/Final/Node/node_modules/.staging/amqplib-51057e92/node_modules is being purged
581 verbose gentlyRm don't care about contents; nuking /mnt/c/Users/rotfl/OneDrive/Desktop/College/CS505/Final/Node/node_modules/.staging/amqplib-51057e92/node_modules
582 silly doParallel preinstall 5
583 silly preinstall @types/node@13.13.2 /mnt/c/Users/rotfl/OneDrive/Desktop/College/CS505/Final/Node/node_modules/.staging/@types/node-b6a88c8f
584 info lifecycle @types/node@13.13.2~preinstall: @types/node@13.13.2
585 silly preinstall @types/amqplib@0.5.13 /mnt/c/Users/rotfl/OneDrive/Desktop/College/CS505/Final/Node/node_modules/.staging/@types/amqplib-4dc409f3
586 info lifecycle @types/amqplib@0.5.13~preinstall: @types/amqplib@0.5.13
587 silly preinstall @types/express@4.17.6 /mnt/c/Users/rotfl/OneDrive/Desktop/College/CS505/Final/Node/node_modules/.staging/@types/express-e825ed2d
588 info lifecycle @types/express@4.17.6~preinstall: @types/express@4.17.6
589 silly preinstall amqplib@0.5.5 /mnt/c/Users/rotfl/OneDrive/Desktop/College/CS505/Final/Node/node_modules/.staging/amqplib-51057e92
590 info lifecycle amqplib@0.5.5~preinstall: amqplib@0.5.5
591 silly preinstall express@4.17.1 /mnt/c/Users/rotfl/OneDrive/Desktop/College/CS505/Final/Node/node_modules/.staging/express-fd7b0fbd
592 info lifecycle express@4.17.1~preinstall: express@4.17.1
593 silly lifecycle @types/node@13.13.2~preinstall: no script for preinstall, continuing
594 silly lifecycle @types/amqplib@0.5.13~preinstall: no script for preinstall, continuing
595 silly lifecycle @types/express@4.17.6~preinstall: no script for preinstall, continuing
596 silly lifecycle amqplib@0.5.5~preinstall: no script for preinstall, continuing
597 silly lifecycle express@4.17.1~preinstall: no script for preinstall, continuing
598 silly doReverseSerial remove 0
599 silly doSerial move 0
600 silly doSerial finalize 5
601 silly finalize /mnt/c/Users/rotfl/OneDrive/Desktop/College/CS505/Final/Node/node_modules/@types/node
602 silly finalize /mnt/c/Users/rotfl/OneDrive/Desktop/College/CS505/Final/Node/node_modules/@types/amqplib
603 silly finalize /mnt/c/Users/rotfl/OneDrive/Desktop/College/CS505/Final/Node/node_modules/@types/express
604 silly finalize /mnt/c/Users/rotfl/OneDrive/Desktop/College/CS505/Final/Node/node_modules/amqplib
605 verbose unlock done using /home/vince/.npm/_locks/staging-65f7bad662b80657.lock for /mnt/c/Users/rotfl/OneDrive/Desktop/College/CS505/Final/Node/node_modules/.staging
606 silly rollbackFailedOptional Starting
607 silly rollbackFailedOptional Finishing
608 silly runTopLevelLifecycles Starting
609 silly runTopLevelLifecycles Finishing
610 silly install printInstalled
611 warn cs505-final@1.0.0 No description
612 warn cs505-final@1.0.0 No repository field.
613 verbose stack Error: EACCES: permission denied, rename '/mnt/c/Users/rotfl/OneDrive/Desktop/College/CS505/Final/Node/node_modules/amqplib' -> '/mnt/c/Users/rotfl/OneDrive/Desktop/College/CS505/Final/Node/node_modules/.amqplib.DELETE'
613 verbose stack     at moveAway (/usr/share/npm/lib/install/action/finalize.js:38:5)
613 verbose stack     at destStatted (/usr/share/npm/lib/install/action/finalize.js:27:7)
613 verbose stack     at FSReqWrap.oncomplete (fs.js:153:5)
613 verbose stack
613 verbose stack Error: EACCES: permission denied, rename '/mnt/c/Users/rotfl/OneDrive/Desktop/College/CS505/Final/Node/node_modules/amqplib' -> '/mnt/c/Users/rotfl/OneDrive/Desktop/College/CS505/Final/Node/node_modules/.amqplib.DELETE'
614 verbose cwd /mnt/c/Users/rotfl/OneDrive/Desktop/College/CS505/Final/Node
615 error Linux 4.4.0-18362-Microsoft
616 error argv "/usr/bin/node" "/usr/bin/npm" "i"
617 error node v8.10.0
618 error npm  v3.5.2
619 error path /mnt/c/Users/rotfl/OneDrive/Desktop/College/CS505/Final/Node/node_modules/amqplib
620 error code EACCES
621 error errno -13
622 error syscall rename
623 error Error: EACCES: permission denied, rename '/mnt/c/Users/rotfl/OneDrive/Desktop/College/CS505/Final/Node/node_modules/amqplib' -> '/mnt/c/Users/rotfl/OneDrive/Desktop/College/CS505/Final/Node/node_modules/.amqplib.DELETE'
623 error     at moveAway (/usr/share/npm/lib/install/action/finalize.js:38:5)
623 error     at destStatted (/usr/share/npm/lib/install/action/finalize.js:27:7)
623 error     at FSReqWrap.oncomplete (fs.js:153:5)
623 error
623 error Error: EACCES: permission denied, rename '/mnt/c/Users/rotfl/OneDrive/Desktop/College/CS505/Final/Node/node_modules/amqplib' -> '/mnt/c/Users/rotfl/OneDrive/Desktop/College/CS505/Final/Node/node_modules/.amqplib.DELETE'
623 error  { Error: EACCES: permission denied, rename '/mnt/c/Users/rotfl/OneDrive/Desktop/College/CS505/Final/Node/node_modules/amqplib' -> '/mnt/c/Users/rotfl/OneDrive/Desktop/College/CS505/Final/Node/node_modules/.amqplib.DELETE'
623 error     at moveAway (/usr/share/npm/lib/install/action/finalize.js:38:5)
623 error     at destStatted (/usr/share/npm/lib/install/action/finalize.js:27:7)
623 error     at FSReqWrap.oncomplete (fs.js:153:5)
623 error
623 error Error: EACCES: permission denied, rename '/mnt/c/Users/rotfl/OneDrive/Desktop/College/CS505/Final/Node/node_modules/amqplib' -> '/mnt/c/Users/rotfl/OneDrive/Desktop/College/CS505/Final/Node/node_modules/.amqplib.DELETE' parent: 'cs505-final' }
624 error Please try running this command again as root/Administrator.
625 verbose exit [ -13, true ]
